Waiting for JIT...
Step: Traced<ShapedArray(int32[1])>with<DynamicJaxprTrace(level=5/1)>, t: Traced<ShapedArray(float32[])>with<DynamicJaxprTrace(level=5/1)>, z_range: [Traced<ShapedArray(float32[1], weak_type=True)>with<DynamicJaxprTrace(level=5/1)>, Traced<ShapedArray(float32[1], weak_type=True)>with<DynamicJaxprTrace(level=5/1)>]
jax.errors.SimplifiedTraceback: For simplicity, JAX has removed its internal frames from the traceback of the following exception. Set JAX_TRACEBACK_FILTERING=off to include these.

The above exception was the direct cause of the following exception:

Traceback (most recent call last):
  File "/Users/akshayjacobthomas/Documents/GitHub/PINN_layerwise/main.py", line 40, in <module>
    app.run(main)
  File "/Users/akshayjacobthomas/anaconda3/envs/jax_trial/lib/python3.9/site-packages/absl/app.py", line 308, in run
    _run_main(main, args)
  File "/Users/akshayjacobthomas/anaconda3/envs/jax_trial/lib/python3.9/site-packages/absl/app.py", line 254, in _run_main
    sys.exit(main(argv))
  File "/Users/akshayjacobthomas/Documents/GitHub/PINN_layerwise/main.py", line 32, in main
    train.train_and_evaluate(FLAGS.config, FLAGS.workdir)
  File "/Users/akshayjacobthomas/Documents/GitHub/PINN_layerwise/train.py", line 94, in train_and_evaluate
    model.state = model.step(model.state, time_batch, batch_initial, step_batch)
jaxlib.xla_extension.XlaRuntimeError: UNKNOWN: /Users/akshayjacobthomas/Documents/GitHub/PINN_layerwise/A3DPINN/samplers.py:37:0: error: failed to legalize operation 'mhlo.replica_id'
/Users/akshayjacobthomas/Documents/GitHub/PINN_layerwise/A3DPINN/models.py:169:0: note: called from
/Users/akshayjacobthomas/Documents/GitHub/PINN_layerwise/train.py:94:0: note: called from
/Users/akshayjacobthomas/Documents/GitHub/PINN_layerwise/main.py:32:0: note: called from
/Users/akshayjacobthomas/Documents/GitHub/PINN_layerwise/main.py:40:0: note: called from
/Users/akshayjacobthomas/Documents/GitHub/PINN_layerwise/A3DPINN/samplers.py:37:0: note: see current operation: %755 = "mhlo.replica_id"() : () -> tensor<ui32>
